[
  {
    "line": 1,
    "elements": [
      {
        "start_timestamp": "2021-02-06T21:56:11.229Z",
        "before": [
          {
            "result": {
              "duration": 12164810700,
              "status": "passed"
            },
            "match": {
              "location": "com.codingbook.stepdef.Hooks.setup()"
            }
          }
        ],
        "line": 16,
        "name": "Write a comment",
        "description": "",
        "id": "comment-test;write-a-comment;;2",
        "after": [
          {
            "result": {
              "error_message": "java.lang.RuntimeException: Unexpected result for screenshot command: null\r\n\tat org.openqa.selenium.remote.RemoteWebDriver.getScreenshotAs(RemoteWebDriver.java:304)\r\n\tat com.codingbook.stepdef.Hooks.after(Hooks.java:33)\r\n",
              "duration": 208845100,
              "status": "failed"
            },
            "match": {
              "location": "com.codingbook.stepdef.Hooks.after(io.cucumber.java.Scenario)"
            }
          }
        ],
        "type": "scenario",
        "keyword": "Scenario Outline",
        "steps": [
          {
            "result": {
              "duration": 3146851200,
              "status": "passed"
            },
            "line": 3,
            "name": "Navigate to CodingBook website",
            "match": {
              "location": "com.codingbook.stepdef.CommentStep.navigateToCodingBookWebsite()"
            },
            "keyword": "Given "
          },
          {
            "result": {
              "duration": 871773100,
              "status": "passed"
            },
            "line": 4,
            "name": "click on Test Automation sub-menu under Courses menu",
            "match": {
              "location": "com.codingbook.stepdef.CommentStep.clickOnTestAutomationSubMenuUnderCoursesMenu()"
            },
            "keyword": "And "
          },
          {
            "result": {
              "duration": 75487300,
              "status": "passed"
            },
            "line": 5,
            "name": "click on Curriculum",
            "match": {
              "location": "com.codingbook.stepdef.CommentStep.clickOnCurriculum()"
            },
            "keyword": "And "
          },
          {
            "result": {
              "duration": 578692100,
              "status": "passed"
            },
            "line": 6,
            "name": "click on Test NG – Summary",
            "match": {
              "location": "com.codingbook.stepdef.CommentStep.clickOnTestNGSummary()"
            },
            "keyword": "And "
          },
          {
            "result": {
              "duration": 81790900,
              "status": "passed"
            },
            "line": 7,
            "name": "write a comment \"Comment-4\"",
            "match": {
              "arguments": [
                {
                  "val": "\"Comment-4\"",
                  "offset": 16
                }
              ],
              "location": "com.codingbook.stepdef.CommentStep.writeAComment(java.lang.String)"
            },
            "keyword": "And "
          },
          {
            "result": {
              "duration": 54180300,
              "status": "passed"
            },
            "line": 8,
            "name": "type name \"ali\"",
            "match": {
              "arguments": [
                {
                  "val": "\"ali\"",
                  "offset": 10
                }
              ],
              "location": "com.codingbook.stepdef.CommentStep.typeName(java.lang.String)"
            },
            "keyword": "And "
          },
          {
            "result": {
              "duration": 76148100,
              "status": "passed"
            },
            "line": 9,
            "name": "type email \"ahmet@gmail.com\"",
            "match": {
              "arguments": [
                {
                  "val": "\"ahmet@gmail.com\"",
                  "offset": 11
                }
              ],
              "location": "com.codingbook.stepdef.CommentStep.typeEmail(java.lang.String)"
            },
            "keyword": "And "
          },
          {
            "result": {
              "duration": 64725000,
              "status": "passed"
            },
            "line": 10,
            "name": "type Website",
            "match": {
              "location": "com.codingbook.stepdef.CommentStep.typeWebsite()"
            },
            "keyword": "And "
          },
          {
            "result": {
              "duration": 59889400,
              "status": "passed"
            },
            "line": 11,
            "name": "check the Save my information check-box",
            "match": {
              "location": "com.codingbook.stepdef.CommentStep.checkTheSaveMyInformationCheckBox()"
            },
            "keyword": "And "
          },
          {
            "result": {
              "duration": 243628400,
              "status": "passed"
            },
            "line": 12,
            "name": "click on Post Comment button",
            "match": {
              "location": "com.codingbook.stepdef.CommentStep.clickOnPostCommentButton()"
            },
            "keyword": "When "
          },
          {
            "result": {
              "error_message": "org.openqa.selenium.NoSuchElementException: no such element: Unable to locate element: {\"method\":\"xpath\",\"selector\":\"//p[@class\u003d\u0027comment-awaiting-moderation label label-info\u0027]\"}\n  (Session info: chrome\u003d87.0.4280.141)\nFor documentation on this error, please visit: https://www.seleniumhq.org/exceptions/no_such_element.html\nBuild info: version: \u00273.141.59\u0027, revision: \u0027e82be7d358\u0027, time: \u00272018-11-14T08:17:03\u0027\nSystem info: host: \u0027DESKTOP-ONJFJK9\u0027, ip: \u0027192.168.0.17\u0027, os.name: \u0027Windows 10\u0027, os.arch: \u0027amd64\u0027, os.version: \u002710.0\u0027, java.version: \u002713.0.2\u0027\nDriver info: org.openqa.selenium.chrome.ChromeDriver\nCapabilities {acceptInsecureCerts: false, browserName: chrome, browserVersion: 87.0.4280.141, chrome: {chromedriverVersion: 87.0.4280.88 (89e2380a3e36c..., userDataDir: C:\\Users\\tsume\\AppData\\Loca...}, goog:chromeOptions: {debuggerAddress: localhost:54072}, javascriptEnabled: true, networkConnectionEnabled: false, pageLoadStrategy: normal, platform: WINDOWS, platformName: WINDOWS, proxy: Proxy(), setWindowRect: true, strictFileInteractability: false, timeouts: {implicit: 0, pageLoad: 300000, script: 30000}, unhandledPromptBehavior: dismiss and notify, webauthn:virtualAuthenticators: true}\nSession ID: 47aecfdbdaf0b1e6166258fed1a3b4ff\n*** Element info: {Using\u003dxpath, value\u003d//p[@class\u003d\u0027comment-awaiting-moderation label label-info\u0027]}\r\n\tat java.base/jdk.internal.reflect.NativeConstructorAccessorImpl.newInstance0(Native Method)\r\n\tat java.base/jdk.internal.reflect.NativeConstructorAccessorImpl.newInstance(NativeConstructorAccessorImpl.java:62)\r\n\tat java.base/jdk.internal.reflect.DelegatingConstructorAccessorImpl.newInstance(DelegatingConstructorAccessorImpl.java:45)\r\n\tat java.base/java.lang.reflect.Constructor.newInstanceWithCaller(Constructor.java:500)\r\n\tat java.base/java.lang.reflect.Constructor.newInstance(Constructor.java:481)\r\n\tat org.openqa.selenium.remote.http.W3CHttpResponseCodec.createException(W3CHttpResponseCodec.java:187)\r\n\tat org.openqa.selenium.remote.http.W3CHttpResponseCodec.decode(W3CHttpResponseCodec.java:122)\r\n\tat org.openqa.selenium.remote.http.W3CHttpResponseCodec.decode(W3CHttpResponseCodec.java:49)\r\n\tat org.openqa.selenium.remote.HttpCommandExecutor.execute(HttpCommandExecutor.java:158)\r\n\tat org.openqa.selenium.remote.service.DriverCommandExecutor.execute(DriverCommandExecutor.java:83)\r\n\tat org.openqa.selenium.remote.RemoteWebDriver.execute(RemoteWebDriver.java:552)\r\n\tat org.openqa.selenium.remote.RemoteWebDriver.findElement(RemoteWebDriver.java:323)\r\n\tat org.openqa.selenium.remote.RemoteWebDriver.findElementByXPath(RemoteWebDriver.java:428)\r\n\tat org.openqa.selenium.By$ByXPath.findElement(By.java:353)\r\n\tat org.openqa.selenium.remote.RemoteWebDriver.findElement(RemoteWebDriver.java:315)\r\n\tat org.openqa.selenium.support.pagefactory.DefaultElementLocator.findElement(DefaultElementLocator.java:69)\r\n\tat org.openqa.selenium.support.pagefactory.internal.LocatingElementHandler.invoke(LocatingElementHandler.java:38)\r\n\tat com.sun.proxy.$Proxy20.isDisplayed(Unknown Source)\r\n\tat com.codingbook.pages.Comment.verifySuccessComment(Comment.java:85)\r\n\tat com.codingbook.stepdef.CommentStep.verifySuccessComment(CommentStep.java:79)\r\n\tat ✽.verify success Comment(file:///C:/Users/tsume/IntelliJ%20Workplace/CodingBook/src/test/resources/features/Comment.feature:13)\r\n",
              "duration": 10035237900,
              "status": "failed"
            },
            "line": 13,
            "name": "verify success Comment",
            "match": {
              "location": "com.codingbook.stepdef.CommentStep.verifySuccessComment()"
            },
            "keyword": "Then "
          }
        ]
      }
    ],
    "name": "Comment Test",
    "description": "",
    "id": "comment-test",
    "keyword": "Feature",
    "uri": "file:src/test/resources/features/Comment.feature",
    "tags": []
  },
  {
    "line": 1,
    "elements": [
      {
        "start_timestamp": "2021-02-06T21:56:38.985Z",
        "before": [
          {
            "result": {
              "error_message": "org.openqa.selenium.NoSuchWindowException: no such window: target window already closed\nfrom unknown error: web view not found\n  (Session info: chrome\u003d87.0.4280.141)\nBuild info: version: \u00273.141.59\u0027, revision: \u0027e82be7d358\u0027, time: \u00272018-11-14T08:17:03\u0027\nSystem info: host: \u0027DESKTOP-ONJFJK9\u0027, ip: \u0027192.168.0.17\u0027, os.name: \u0027Windows 10\u0027, os.arch: \u0027amd64\u0027, os.version: \u002710.0\u0027, java.version: \u002713.0.2\u0027\nDriver info: org.openqa.selenium.chrome.ChromeDriver\nCapabilities {acceptInsecureCerts: false, browserName: chrome, browserVersion: 87.0.4280.141, chrome: {chromedriverVersion: 87.0.4280.88 (89e2380a3e36c..., userDataDir: C:\\Users\\tsume\\AppData\\Loca...}, goog:chromeOptions: {debuggerAddress: localhost:54072}, javascriptEnabled: true, networkConnectionEnabled: false, pageLoadStrategy: normal, platform: WINDOWS, platformName: WINDOWS, proxy: Proxy(), setWindowRect: true, strictFileInteractability: false, timeouts: {implicit: 0, pageLoad: 300000, script: 30000}, unhandledPromptBehavior: dismiss and notify, webauthn:virtualAuthenticators: true}\nSession ID: 47aecfdbdaf0b1e6166258fed1a3b4ff\r\n\tat java.base/jdk.internal.reflect.NativeConstructorAccessorImpl.newInstance0(Native Method)\r\n\tat java.base/jdk.internal.reflect.NativeConstructorAccessorImpl.newInstance(NativeConstructorAccessorImpl.java:62)\r\n\tat java.base/jdk.internal.reflect.DelegatingConstructorAccessorImpl.newInstance(DelegatingConstructorAccessorImpl.java:45)\r\n\tat java.base/java.lang.reflect.Constructor.newInstanceWithCaller(Constructor.java:500)\r\n\tat java.base/java.lang.reflect.Constructor.newInstance(Constructor.java:481)\r\n\tat org.openqa.selenium.remote.http.W3CHttpResponseCodec.createException(W3CHttpResponseCodec.java:187)\r\n\tat org.openqa.selenium.remote.http.W3CHttpResponseCodec.decode(W3CHttpResponseCodec.java:122)\r\n\tat org.openqa.selenium.remote.http.W3CHttpResponseCodec.decode(W3CHttpResponseCodec.java:49)\r\n\tat org.openqa.selenium.remote.HttpCommandExecutor.execute(HttpCommandExecutor.java:158)\r\n\tat org.openqa.selenium.remote.service.DriverCommandExecutor.execute(DriverCommandExecutor.java:83)\r\n\tat org.openqa.selenium.remote.RemoteWebDriver.execute(RemoteWebDriver.java:552)\r\n\tat org.openqa.selenium.remote.RemoteWebDriver.execute(RemoteWebDriver.java:609)\r\n\tat org.openqa.selenium.remote.RemoteWebDriver$RemoteWebDriverOptions$RemoteWindow.maximize(RemoteWebDriver.java:837)\r\n\tat com.codingbook.stepdef.Hooks.setup(Hooks.java:21)\r\n",
              "duration": 4912700,
              "status": "failed"
            },
            "match": {
              "location": "com.codingbook.stepdef.Hooks.setup()"
            }
          }
        ],
        "line": 2,
        "name": "Test CodingBook Logo",
        "description": "",
        "id": "codingbook-main-page;test-codingbook-logo",
        "after": [
          {
            "result": {
              "error_message": "org.openqa.selenium.NoSuchWindowException: no such window: target window already closed\nfrom unknown error: web view not found\n  (Session info: chrome\u003d87.0.4280.141)\nBuild info: version: \u00273.141.59\u0027, revision: \u0027e82be7d358\u0027, time: \u00272018-11-14T08:17:03\u0027\nSystem info: host: \u0027DESKTOP-ONJFJK9\u0027, ip: \u0027192.168.0.17\u0027, os.name: \u0027Windows 10\u0027, os.arch: \u0027amd64\u0027, os.version: \u002710.0\u0027, java.version: \u002713.0.2\u0027\nDriver info: org.openqa.selenium.chrome.ChromeDriver\nCapabilities {acceptInsecureCerts: false, browserName: chrome, browserVersion: 87.0.4280.141, chrome: {chromedriverVersion: 87.0.4280.88 (89e2380a3e36c..., userDataDir: C:\\Users\\tsume\\AppData\\Loca...}, goog:chromeOptions: {debuggerAddress: localhost:54072}, javascriptEnabled: true, networkConnectionEnabled: false, pageLoadStrategy: normal, platform: WINDOWS, platformName: WINDOWS, proxy: Proxy(), setWindowRect: true, strictFileInteractability: false, timeouts: {implicit: 0, pageLoad: 300000, script: 30000}, unhandledPromptBehavior: dismiss and notify, webauthn:virtualAuthenticators: true}\nSession ID: 47aecfdbdaf0b1e6166258fed1a3b4ff\r\n\tat java.base/jdk.internal.reflect.NativeConstructorAccessorImpl.newInstance0(Native Method)\r\n\tat java.base/jdk.internal.reflect.NativeConstructorAccessorImpl.newInstance(NativeConstructorAccessorImpl.java:62)\r\n\tat java.base/jdk.internal.reflect.DelegatingConstructorAccessorImpl.newInstance(DelegatingConstructorAccessorImpl.java:45)\r\n\tat java.base/java.lang.reflect.Constructor.newInstanceWithCaller(Constructor.java:500)\r\n\tat java.base/java.lang.reflect.Constructor.newInstance(Constructor.java:481)\r\n\tat org.openqa.selenium.remote.http.W3CHttpResponseCodec.createException(W3CHttpResponseCodec.java:187)\r\n\tat org.openqa.selenium.remote.http.W3CHttpResponseCodec.decode(W3CHttpResponseCodec.java:122)\r\n\tat org.openqa.selenium.remote.http.W3CHttpResponseCodec.decode(W3CHttpResponseCodec.java:49)\r\n\tat org.openqa.selenium.remote.HttpCommandExecutor.execute(HttpCommandExecutor.java:158)\r\n\tat org.openqa.selenium.remote.service.DriverCommandExecutor.execute(DriverCommandExecutor.java:83)\r\n\tat org.openqa.selenium.remote.RemoteWebDriver.execute(RemoteWebDriver.java:552)\r\n\tat org.openqa.selenium.remote.RemoteWebDriver.execute(RemoteWebDriver.java:609)\r\n\tat org.openqa.selenium.remote.RemoteWebDriver.getScreenshotAs(RemoteWebDriver.java:295)\r\n\tat com.codingbook.stepdef.Hooks.after(Hooks.java:33)\r\n",
              "duration": 3063600,
              "status": "failed"
            },
            "match": {
              "location": "com.codingbook.stepdef.Hooks.after(io.cucumber.java.Scenario)"
            }
          }
        ],
        "type": "scenario",
        "keyword": "Scenario",
        "steps": [
          {
            "result": {
              "duration": 467900,
              "status": "skipped"
            },
            "line": 3,
            "name": "User opens CodingBook web page",
            "match": {
              "location": "com.codingbook.stepdef.MainPageSteps.userOpensCodingBookWebPage()"
            },
            "keyword": "Given "
          },
          {
            "result": {
              "duration": 529700,
              "status": "skipped"
            },
            "line": 4,
            "name": "User checks if CodingBook logo is visible on the top left corner",
            "match": {
              "location": "com.codingbook.stepdef.MainPageSteps.userChecksIfCodingBookLogoIsVisibleOnTheTopLeftCorner()"
            },
            "keyword": "When "
          },
          {
            "result": {
              "duration": 189700,
              "status": "skipped"
            },
            "line": 5,
            "name": "User first clicks on About and CodingBook logo",
            "match": {
              "location": "com.codingbook.stepdef.MainPageSteps.userFirstClicksOnAboutAndCodingBookLogo()"
            },
            "keyword": "And "
          },
          {
            "result": {
              "duration": 502500,
              "status": "skipped"
            },
            "line": 6,
            "name": "Verify that info@ email address is present",
            "match": {
              "location": "com.codingbook.stepdef.MainPageSteps.verifyThatInfoEmailAddressIsPresent()"
            },
            "keyword": "Then "
          }
        ]
      }
    ],
    "name": "CodingBook Main Page",
    "description": "",
    "id": "codingbook-main-page",
    "keyword": "Feature",
    "uri": "file:src/test/resources/features/MainPage.feature",
    "tags": []
  }
]